android/app/build/intermediates/manifest_merge_blame_file/debug/manifest-merger-blame-debug-report.txt
1<?xml version="1.0" encoding="utf-8"?>
2<manifest xmlns:android="http://schemas.android.com/apk/res/android"
3    package="com.react_native_project"
4    android:versionCode="1"
5    android:versionName="1.0" >
6
7    <uses-sdk
8        android:minSdkVersion="21"
9        android:targetSdkVersion="33" />
10
11    <uses-permission android:name="android.permission.SYSTEM_ALERT_WINDOW" />
11-->src\debug\AndroidManifest.xml:5:5-77
11-->src\debug\AndroidManifest.xml:5:22-75
12    <uses-permission android:name="android.permission.INTERNET" />
12-->src\main\AndroidManifest.xml:3:5-67
12-->src\main\AndroidManifest.xml:3:22-64
13    <uses-permission android:name="android.permission.ACCESS_FINE_LOCATION" />
13-->src\main\AndroidManifest.xml:4:5-79
13-->src\main\AndroidManifest.xml:4:22-76
14    <uses-permission android:name="android.permission.READ_MEDIA_IMAGES" />
14-->src\main\AndroidManifest.xml:5:5-76
14-->src\main\AndroidManifest.xml:5:22-73
15    <uses-permission android:name="android.permission.READ_MEDIA_VIDEO" />
15-->src\main\AndroidManifest.xml:6:5-75
15-->src\main\AndroidManifest.xml:6:22-72
16    <uses-permission
16-->src\main\AndroidManifest.xml:7:5-8:51
17        android:name="android.permission.READ_EXTERNAL_STORAGE"
17-->src\main\AndroidManifest.xml:7:22-77
18        android:maxSdkVersion="32" />
18-->src\main\AndroidManifest.xml:8:22-48
19    <uses-permission android:name="android.permission.WRITE_EXTERNAL_STORAGE" />
19-->src\main\AndroidManifest.xml:9:5-81
19-->src\main\AndroidManifest.xml:9:22-78
20    <uses-permission android:name="android.permission.VIBRATE" />
20-->src\main\AndroidManifest.xml:10:5-65
20-->src\main\AndroidManifest.xml:10:22-63
21    <uses-permission android:name="android.permission.ACCESS_WIFI_STATE" />
21-->[com.facebook.flipper:flipper:0.182.0] AndroidManifest.xml:16:5-76
21-->[com.facebook.flipper:flipper:0.182.0] AndroidManifest.xml:16:22-73
22    <uses-permission android:name="android.permission.CAMERA" />
22-->[:react-native-camera] AndroidManifest.xml:7:5-65
22-->[:react-native-camera] AndroidManifest.xml:7:22-62
23
24    <uses-feature
24-->[:react-native-camera] AndroidManifest.xml:9:5-11:36
25        android:name="android.hardware.camera"
25-->[:react-native-camera] AndroidManifest.xml:10:9-47
26        android:required="false" />
26-->[:react-native-camera] AndroidManifest.xml:11:9-33
27    <uses-feature
27-->[:react-native-camera] AndroidManifest.xml:12:5-14:36
28        android:name="android.hardware.camera.autofocus"
28-->[:react-native-camera] AndroidManifest.xml:13:9-57
29        android:required="false" /> <!-- Although the *SdkVersion is captured in gradle build files, this is required for non gradle builds -->
29-->[:react-native-camera] AndroidManifest.xml:14:9-33
30    <!-- <uses-sdk android:minSdkVersion="14"/> -->
31    <uses-permission android:name="android.permission.ACCESS_NETWORK_STATE" />
31-->[com.google.android.datatransport:transport-backend-cct:2.3.3] AndroidManifest.xml:25:5-79
31-->[com.google.android.datatransport:transport-backend-cct:2.3.3] AndroidManifest.xml:25:22-76
32
33    <application
33-->src\main\AndroidManifest.xml:11:5-30:19
34        android:name="com.react_native_project.MainApplication"
34-->src\main\AndroidManifest.xml:12:7-38
35        android:allowBackup="false"
35-->src\main\AndroidManifest.xml:16:7-34
36        android:appComponentFactory="androidx.core.app.CoreComponentFactory"
36-->[androidx.core:core:1.8.0] AndroidManifest.xml:24:18-86
37        android:debuggable="true"
38        android:icon="@mipmap/ic_launcher"
38-->src\main\AndroidManifest.xml:14:7-41
39        android:label="@string/app_name"
39-->src\main\AndroidManifest.xml:13:7-39
40        android:roundIcon="@mipmap/ic_launcher_round"
40-->src\main\AndroidManifest.xml:15:7-52
41        android:theme="@style/AppTheme"
41-->src\main\AndroidManifest.xml:17:7-38
42        android:usesCleartextTraffic="true" >
42-->src\debug\AndroidManifest.xml:8:9-44
43        <activity
43-->src\debug\AndroidManifest.xml:11:9-111
44            android:name="com.facebook.react.devsupport.DevSettingsActivity"
44-->src\debug\AndroidManifest.xml:11:19-83
45            android:exported="false" />
45-->src\debug\AndroidManifest.xml:11:84-108
46        <activity
46-->src\main\AndroidManifest.xml:18:7-29:18
47            android:name="com.react_native_project.MainActivity"
47-->src\main\AndroidManifest.xml:19:9-37
48            android:configChanges="keyboard|keyboardHidden|orientation|screenLayout|screenSize|smallestScreenSize|uiMode"
48-->src\main\AndroidManifest.xml:21:9-118
49            android:exported="true"
49-->src\main\AndroidManifest.xml:24:9-32
50            android:label="@string/app_name"
50-->src\main\AndroidManifest.xml:20:9-41
51            android:launchMode="singleTask"
51-->src\main\AndroidManifest.xml:22:9-40
52            android:windowSoftInputMode="adjustResize" >
52-->src\main\AndroidManifest.xml:23:9-51
53            <intent-filter>
53-->src\main\AndroidManifest.xml:25:9-28:25
54                <action android:name="android.intent.action.MAIN" />
54-->src\main\AndroidManifest.xml:26:13-65
54-->src\main\AndroidManifest.xml:26:21-62
55
56                <category android:name="android.intent.category.LAUNCHER" />
56-->src\main\AndroidManifest.xml:27:13-73
56-->src\main\AndroidManifest.xml:27:23-70
57            </intent-filter>
58        </activity>
59
60        <provider
60-->[:react-native-image-picker] AndroidManifest.xml:8:9-16:20
61            android:name="com.imagepicker.ImagePickerProvider"
61-->[:react-native-image-picker] AndroidManifest.xml:9:13-63
62            android:authorities="com.react_native_project.imagepickerprovider"
62-->[:react-native-image-picker] AndroidManifest.xml:10:13-71
63            android:exported="false"
63-->[:react-native-image-picker] AndroidManifest.xml:11:13-37
64            android:grantUriPermissions="true" >
64-->[:react-native-image-picker] AndroidManifest.xml:12:13-47
65            <meta-data
65-->[:react-native-image-picker] AndroidManifest.xml:13:13-15:70
66                android:name="android.support.FILE_PROVIDER_PATHS"
66-->[:react-native-image-picker] AndroidManifest.xml:14:17-67
67                android:resource="@xml/imagepicker_provider_paths" />
67-->[:react-native-image-picker] AndroidManifest.xml:15:17-67
68        </provider>
69        <provider
69-->[:react-native-webview] AndroidManifest.xml:8:9-16:20
70            android:name="com.reactnativecommunity.webview.RNCWebViewFileProvider"
70-->[:react-native-webview] AndroidManifest.xml:9:13-83
71            android:authorities="com.react_native_project.fileprovider"
71-->[:react-native-webview] AndroidManifest.xml:10:13-64
72            android:exported="false"
72-->[:react-native-webview] AndroidManifest.xml:11:13-37
73            android:grantUriPermissions="true" >
73-->[:react-native-webview] AndroidManifest.xml:12:13-47
74            <meta-data
74-->[:react-native-image-picker] AndroidManifest.xml:13:13-15:70
75                android:name="android.support.FILE_PROVIDER_PATHS"
75-->[:react-native-image-picker] AndroidManifest.xml:14:17-67
76                android:resource="@xml/file_provider_paths" />
76-->[:react-native-image-picker] AndroidManifest.xml:15:17-67
77        </provider>
78
79        <service
79-->[com.google.android.gms:play-services-mlkit-barcode-scanning:16.2.0] AndroidManifest.xml:9:9-15:19
80            android:name="com.google.mlkit.common.internal.MlKitComponentDiscoveryService"
80-->[com.google.android.gms:play-services-mlkit-barcode-scanning:16.2.0] AndroidManifest.xml:10:13-91
81            android:directBootAware="true"
81-->[com.google.mlkit:common:17.2.0] AndroidManifest.xml:17:13-43
82            android:exported="false" >
82-->[com.google.android.gms:play-services-mlkit-barcode-scanning:16.2.0] AndroidManifest.xml:11:13-37
83            <meta-data
83-->[com.google.android.gms:play-services-mlkit-barcode-scanning:16.2.0] AndroidManifest.xml:12:13-14:85
84                android:name="com.google.firebase.components:com.google.mlkit.vision.barcode.internal.BarcodeRegistrar"
84-->[com.google.android.gms:play-services-mlkit-barcode-scanning:16.2.0] AndroidManifest.xml:13:17-120
85                android:value="com.google.firebase.components.ComponentRegistrar" />
85-->[com.google.android.gms:play-services-mlkit-barcode-scanning:16.2.0] AndroidManifest.xml:14:17-82
86            <meta-data
86-->[com.google.android.gms:play-services-mlkit-face-detection:16.2.0] AndroidManifest.xml:12:13-14:85
87                android:name="com.google.firebase.components:com.google.mlkit.vision.face.internal.FaceRegistrar"
87-->[com.google.android.gms:play-services-mlkit-face-detection:16.2.0] AndroidManifest.xml:13:17-114
88                android:value="com.google.firebase.components.ComponentRegistrar" />
88-->[com.google.android.gms:play-services-mlkit-face-detection:16.2.0] AndroidManifest.xml:14:17-82
89            <meta-data
89-->[com.google.android.gms:play-services-mlkit-text-recognition:16.3.0] AndroidManifest.xml:12:13-14:85
90                android:name="com.google.firebase.components:com.google.mlkit.vision.text.internal.TextRegistrar"
90-->[com.google.android.gms:play-services-mlkit-text-recognition:16.3.0] AndroidManifest.xml:13:17-114
91                android:value="com.google.firebase.components.ComponentRegistrar" />
91-->[com.google.android.gms:play-services-mlkit-text-recognition:16.3.0] AndroidManifest.xml:14:17-82
92            <meta-data
92-->[com.google.mlkit:vision-common:16.5.0] AndroidManifest.xml:12:13-14:85
93                android:name="com.google.firebase.components:com.google.mlkit.vision.common.internal.VisionCommonRegistrar"
93-->[com.google.mlkit:vision-common:16.5.0] AndroidManifest.xml:13:17-124
94                android:value="com.google.firebase.components.ComponentRegistrar" />
94-->[com.google.mlkit:vision-common:16.5.0] AndroidManifest.xml:14:17-82
95            <meta-data
95-->[com.google.mlkit:common:17.2.0] AndroidManifest.xml:20:13-22:85
96                android:name="com.google.firebase.components:com.google.mlkit.common.internal.CommonComponentRegistrar"
96-->[com.google.mlkit:common:17.2.0] AndroidManifest.xml:21:17-120
97                android:value="com.google.firebase.components.ComponentRegistrar" />
97-->[com.google.mlkit:common:17.2.0] AndroidManifest.xml:22:17-82
98        </service>
99
100        <provider
100-->[com.google.mlkit:common:17.2.0] AndroidManifest.xml:9:9-13:38
101            android:name="com.google.mlkit.common.internal.MlKitInitProvider"
101-->[com.google.mlkit:common:17.2.0] AndroidManifest.xml:10:13-78
102            android:authorities="com.react_native_project.mlkitinitprovider"
102-->[com.google.mlkit:common:17.2.0] AndroidManifest.xml:11:13-69
103            android:exported="false"
103-->[com.google.mlkit:common:17.2.0] AndroidManifest.xml:12:13-37
104            android:initOrder="99" />
104-->[com.google.mlkit:common:17.2.0] AndroidManifest.xml:13:13-35
105
106        <activity
106-->[com.google.android.gms:play-services-base:18.1.0] AndroidManifest.xml:20:9-22:45
107            android:name="com.google.android.gms.common.api.GoogleApiActivity"
107-->[com.google.android.gms:play-services-base:18.1.0] AndroidManifest.xml:20:19-85
108            android:exported="false"
108-->[com.google.android.gms:play-services-base:18.1.0] AndroidManifest.xml:22:19-43
109            android:theme="@android:style/Theme.Translucent.NoTitleBar" />
109-->[com.google.android.gms:play-services-base:18.1.0] AndroidManifest.xml:21:19-78
110
111        <meta-data
111-->[com.google.android.gms:play-services-basement:18.1.0] AndroidManifest.xml:21:9-23:69
112            android:name="com.google.android.gms.version"
112-->[com.google.android.gms:play-services-basement:18.1.0] AndroidManifest.xml:22:13-58
113            android:value="@integer/google_play_services_version" />
113-->[com.google.android.gms:play-services-basement:18.1.0] AndroidManifest.xml:23:13-66
114        <meta-data
114-->[com.facebook.soloader:soloader:0.10.5] AndroidManifest.xml:12:9-14:37
115            android:name="com.facebook.soloader.enabled"
115-->[com.facebook.soloader:soloader:0.10.5] AndroidManifest.xml:13:13-57
116            android:value="false" />
116-->[com.facebook.soloader:soloader:0.10.5] AndroidManifest.xml:14:13-34
117
118        <provider
118-->[androidx.emoji2:emoji2:1.2.0] AndroidManifest.xml:24:9-32:20
119            android:name="androidx.startup.InitializationProvider"
119-->[androidx.emoji2:emoji2:1.2.0] AndroidManifest.xml:25:13-67
120            android:authorities="com.react_native_project.androidx-startup"
120-->[androidx.emoji2:emoji2:1.2.0] AndroidManifest.xml:26:13-68
121            android:exported="false" >
121-->[androidx.emoji2:emoji2:1.2.0] AndroidManifest.xml:27:13-37
122            <meta-data
122-->[androidx.emoji2:emoji2:1.2.0] AndroidManifest.xml:29:13-31:52
123                android:name="androidx.emoji2.text.EmojiCompatInitializer"
123-->[androidx.emoji2:emoji2:1.2.0] AndroidManifest.xml:30:17-75
124                android:value="androidx.startup" />
124-->[androidx.emoji2:emoji2:1.2.0] AndroidManifest.xml:31:17-49
125            <meta-data
125-->[androidx.lifecycle:lifecycle-process:2.4.1] AndroidManifest.xml:31:13-33:52
126                android:name="androidx.lifecycle.ProcessLifecycleInitializer"
126-->[androidx.lifecycle:lifecycle-process:2.4.1] AndroidManifest.xml:32:17-78
127                android:value="androidx.startup" />
127-->[androidx.lifecycle:lifecycle-process:2.4.1] AndroidManifest.xml:33:17-49
128        </provider>
129
130        <service
130-->[com.google.android.datatransport:transport-backend-cct:2.3.3] AndroidManifest.xml:29:9-35:19
131            android:name="com.google.android.datatransport.runtime.backends.TransportBackendDiscovery"
131-->[com.google.android.datatransport:transport-backend-cct:2.3.3] AndroidManifest.xml:30:13-103
132            android:exported="false" >
132-->[com.google.android.datatransport:transport-backend-cct:2.3.3] AndroidManifest.xml:31:13-37
133            <meta-data
133-->[com.google.android.datatransport:transport-backend-cct:2.3.3] AndroidManifest.xml:32:13-34:39
134                android:name="backend:com.google.android.datatransport.cct.CctBackendFactory"
134-->[com.google.android.datatransport:transport-backend-cct:2.3.3] AndroidManifest.xml:33:17-94
135                android:value="cct" />
135-->[com.google.android.datatransport:transport-backend-cct:2.3.3] AndroidManifest.xml:34:17-36
136        </service>
137        <service
137-->[com.google.android.datatransport:transport-runtime:2.2.6] AndroidManifest.xml:26:9-30:19
138            android:name="com.google.android.datatransport.runtime.scheduling.jobscheduling.JobInfoSchedulerService"
138-->[com.google.android.datatransport:transport-runtime:2.2.6] AndroidManifest.xml:27:13-117
139            android:exported="false"
139-->[com.google.android.datatransport:transport-runtime:2.2.6] AndroidManifest.xml:28:13-37
140            android:permission="android.permission.BIND_JOB_SERVICE" >
140-->[com.google.android.datatransport:transport-runtime:2.2.6] AndroidManifest.xml:29:13-69
141        </service>
142
143        <receiver
143-->[com.google.android.datatransport:transport-runtime:2.2.6] AndroidManifest.xml:32:9-34:40
144            android:name="com.google.android.datatransport.runtime.scheduling.jobscheduling.AlarmManagerSchedulerBroadcastReceiver"
144-->[com.google.android.datatransport:transport-runtime:2.2.6] AndroidManifest.xml:33:13-132
145            android:exported="false" />
145-->[com.google.android.datatransport:transport-runtime:2.2.6] AndroidManifest.xml:34:13-37
146    </application>
147
148</manifest>